This is job 1
Loading rhel7/default-peta4
  Loading requirement: slurm turbovnc/2.0.1 vgl/3.1/64 singularity/current
    rhel7/global intel/compilers/2017.4 intel/mkl/2017.4 intel/impi/2017.4/intel
    intel/libs/idb/2017.4 intel/libs/tbb/2017.4 intel/libs/ipp/2017.4
    intel/libs/daal/2017.4 intel/bundles/complib/2017.4 cmake/latest
Processing bin 1/13: 20-40
Completed bin 1 with 1770 triangles
Processing bin 2/13: 40-60
Completed bin 2 with 1771 triangles
Processing bin 3/13: 60-80
Completed bin 3 with 1771 triangles
Processing bin 4/13: 80-100
Completed bin 4 with 1771 triangles
Processing bin 5/13: 100-200
Completed bin 5 with 176850 triangles
Processing bin 6/13: 200-300
Completed bin 6 with 176851 triangles
Processing bin 7/13: 300-400
Completed bin 7 with 176851 triangles
Processing bin 8/13: 400-500
Completed bin 8 with 176851 triangles
Processing bin 9/13: 500-600
Completed bin 9 with 176851 triangles
Processing bin 10/13: 600-700
Completed bin 10 with 176851 triangles
Processing bin 11/13: 700-800
Completed bin 11 with 176851 triangles
Processing bin 12/13: 800-900
Completed bin 12 with 176851 triangles
Processing bin 13/13: 900-1000
Completed bin 13 with 176851 triangles
Processing folded bin 1/13: 20-40
Completed bin 1 with 660 triangles
Processing folded bin 2/13: 40-60
Completed bin 2 with 660 triangles
Processing folded bin 3/13: 60-80
Completed bin 3 with 660 triangles
Processing folded bin 4/13: 80-100
Completed bin 4 with 660 triangles
Processing folded bin 5/13: 100-200
Completed bin 5 with 66300 triangles
Processing folded bin 6/13: 200-300
Completed bin 6 with 66300 triangles
Processing folded bin 7/13: 300-400
Completed bin 7 with 66300 triangles
Processing folded bin 8/13: 400-500
Completed bin 8 with 66300 triangles
Processing folded bin 9/13: 500-600
Completed bin 9 with 66300 triangles
Processing folded bin 10/13: 600-700
Completed bin 10 with 66300 triangles
Processing folded bin 11/13: 700-800
Completed bin 11 with 66300 triangles
Processing folded bin 12/13: 800-900
Completed bin 12 with 66300 triangles
Processing folded bin 13/13: 900-1000
Completed bin 13 with 66300 triangles
Total execution time: 21352.16 seconds
