This is job 1
Loading rhel7/default-peta4
  Loading requirement: slurm turbovnc/2.0.1 vgl/3.1/64 singularity/current
    rhel7/global intel/compilers/2017.4 intel/mkl/2017.4 intel/impi/2017.4/intel
    intel/libs/idb/2017.4 intel/libs/tbb/2017.4 intel/libs/ipp/2017.4
    intel/libs/daal/2017.4 intel/bundles/complib/2017.4 cmake/latest
Processing bin 1/8: 20-40
Completed bin 1 with 1770 triangles
Processing bin 2/8: 40-60
Completed bin 2 with 1771 triangles
Processing bin 3/8: 60-80
Completed bin 3 with 1771 triangles
Processing bin 4/8: 80-100
Completed bin 4 with 1771 triangles
Processing bin 5/8: 100-200
Completed bin 5 with 176850 triangles
Processing bin 6/8: 200-300
Completed bin 6 with 176851 triangles
Processing bin 7/8: 300-400
Completed bin 7 with 176851 triangles
Processing bin 8/8: 400-500
Completed bin 8 with 176851 triangles
Total execution time: 6583.51 seconds
