This is job 1
Loading rhel7/default-peta4
  Loading requirement: dot slurm turbovnc/2.0.1 vgl/3.1/64 singularity/current
    rhel7/global intel/compilers/2017.4 intel/mkl/2017.4 intel/impi/2017.4/intel
    intel/libs/idb/2017.4 intel/libs/tbb/2017.4 intel/libs/ipp/2017.4
    intel/libs/daal/2017.4 intel/bundles/complib/2017.4 cmake/latest
lminus [[-1974.43511563  -547.61093763]]
lminus [[-112.67951507 -263.22795858]]
lminus [[-279.89226159 -308.51455637]]
lminus [[ -27.4297263  -356.75199063]]
lminus [[-193.48759824  -52.50948407]]
lminus [[ -32.99045033 -437.48933935]]
lminus [[-273.30864998 -293.32060952]]
lminus [[-402.67186954 -522.94262878]]
lminus [[-264.82260343 -613.13583123]]
lminus [[-620.6810354  -361.40113564]]
lminus [[-545.3640791  -538.80635867]]
lminus [[-942.07244979 -375.87774676]]
lminus [[-885.18942364 -624.24794143]]
lminus [[-973.49890637 -297.10615708]]
lminus [[-731.24537164  -62.14108025]]
lminus [[-898.12646278 -404.13173959]]
lminus [[-928.36188964 -346.04139398]]
lminus [[-1455.83636746   -24.48222805]]
lminus [[-1350.76251785  -265.04036284]]
lminus [[-1309.34419775  -552.69299932]]
lminus [[-1459.12951304  -380.44541341]]
lminus [[-1269.25236341  -142.08531947]]
lminus [[-1112.05430987  -418.03992658]]
lminus [[-1186.18103026  -487.38482076]]
lminus [[-1427.50203119  -286.95942533]]
lminus [[-1506.60766119  -659.25885709]]
lminus [[-1973.62525439  -431.13923858]]
lminus [[-1529.27691785  -403.26481985]]
lminus [[-1525.1164852  -545.9087814]]
lminus [[-1627.86535217  -120.02087844]]
lminus [[-1739.67558566  -151.70092266]]
lminus [[-1663.96600465  -624.66836419]]
lminus [[-1820.54113079  -431.89143312]]
lminus [[ -149.20589401 -1070.84302583]]
lminus [[ -13.54344872 -806.86337315]]
lminus [[-466.89503923 -790.75116016]]
lminus [[ -183.7129905 -1180.2227944]]
lminus [[ -159.20741399 -1070.2526101 ]]
lminus [[ -93.55077899 -880.46412249]]
lminus [[-485.11135237 -726.92054498]]
lminus [[  -93.57183573 -1243.61210998]]
lminus [[ -512.92600407 -1025.54477705]]
lminus [[-941.02921476 -823.70543463]]
lminus [[ -691.14439386 -1233.89620501]]
lminus [[-526.17430102 -670.58837645]]
lminus [[-970.41062059 -909.29973232]]
lminus [[-888.46842109 -870.76867601]]
lminus [[-867.54553334 -927.16429244]]
lminus [[ -553.72303289 -1082.99409274]]
lminus [[-1032.67190914 -1288.86468144]]
lminus [[-1102.71843091 -1216.97436531]]
lminus [[-1403.09175719  -670.23872918]]
lminus [[-1334.06829748 -1253.02804871]]
lminus [[-1285.55940713 -1169.51984647]]
lminus [[-1187.93308436 -1216.74853337]]
lminus [[-1487.83559   -1288.8502728]]
lminus [[-1270.17045247 -1161.06656911]]
lminus [[-1681.81765342 -1299.87966549]]
lminus [[-1506.12561045 -1036.63377645]]
lminus [[-1699.06062981 -1258.71191953]]
lminus [[-1703.75855223 -1177.04790727]]
lminus [[-1711.16327174  -752.84358753]]
lminus [[-1869.97027563 -1100.2306044 ]]
lminus [[-1693.96687338  -704.84582404]]
lminus [[-1538.87903443  -736.28672333]]
lminus [[  -20.46455449 -1829.00599215]]
lminus [[ -162.95327029 -1809.76189949]]
lminus [[  -13.39987674 -1728.51880148]]
lminus [[ -357.84369416 -1467.87420647]]
lminus [[ -122.23074609 -1945.07300777]]
lminus [[ -246.87681597 -1356.51242922]]
lminus [[ -211.9340781  -1662.63230397]]
lminus [[  -95.37703854 -1755.18171868]]
lminus [[ -680.31528756 -1664.09371626]]
lminus [[ -548.97597199 -1841.45405824]]
lminus [[ -643.23679361 -1828.58597937]]
lminus [[ -670.4714805  -1821.87253355]]
lminus [[ -760.37238118 -1857.75914354]]
lminus [[ -699.98814632 -1920.06799692]]
lminus [[ -918.69642532 -1673.08000299]]
lminus [[ -778.64326578 -1416.66432899]]
lminus [[-1297.96464228 -1470.38283849]]
lminus [[-1473.12722968 -1749.25773431]]
lminus [[-1118.32005189 -1718.38497507]]
lminus [[-1013.23933015 -1805.50275896]]
lminus [[-1413.94560434 -1988.87502467]]
lminus [[-1236.29573257 -1704.55345542]]
lminus [[-1122.01497657 -1551.74703368]]
lminus [[-1443.59102627 -1885.90864698]]
lminus [[-1646.48753757 -1464.21091961]]
lminus [[-1773.17565292 -1631.60515052]]
lminus [[-1673.71505674 -1392.34955828]]
lminus [[-1620.10330016 -1535.56401332]]
lminus [[-1605.34371919 -1952.2811505 ]]
lminus [[-1782.7446409  -1468.29088058]]
lminus [[-1747.9978614 -1388.7110496]]
lminus [[-1994.90236928 -1863.25051144]]
