This is job 1
Loading rhel7/default-peta4
  Loading requirement: dot slurm turbovnc/2.0.1 vgl/3.1/64 singularity/current
    rhel7/global intel/compilers/2017.4 intel/mkl/2017.4 intel/impi/2017.4/intel
    intel/libs/idb/2017.4 intel/libs/tbb/2017.4 intel/libs/ipp/2017.4
    intel/libs/daal/2017.4 intel/bundles/complib/2017.4 cmake/latest
6137640888888945.0
6222154311281650.0
6229713242703231.0
6294706748009315.0
6349614750067547.0
6365422974136821.0
6486801577148826.0
7.140328692316141e+16
7.169134307720389e+16
7.156933482301909e+16
7.232455928410144e+16
7.246158620418165e+16
7.26873161614484e+16
7.262445646689357e+16
2.5536634552629283e+17
2.5623425723825853e+17
2.566199879150876e+17
2.5885408374484915e+17
2.5749300751026803e+17
2.5739226126203805e+17
2.5797121377327664e+17
1396067031127799.0
1406749235029870.2
1423285265016133.0
1434388763723653.0
1456241774450881.2
1468279807803661.2
1488664878814538.2
1.4602927717674916e+16
1.4743518491223726e+16
1.4767152376848714e+16
1.4871474281879492e+16
1.497663750384421e+16
1.5075595531126718e+16
1.4999664569579634e+16
2.606470804547451e+16
2.6337157628758588e+16
2.6262185112079452e+16
2.636246613915863e+16
2.6350239840268816e+16
2.6638793268661252e+16
2.6974680727604228e+16
1.6865924622713405e+17
1.6865876671658038e+17
1.6896376339006586e+17
1.6950354223445306e+17
1.699271379969853e+17
1.694363589468649e+17
1.6983982807020794e+17
3.475512080093482e+17
3.4846719573945626e+17
3.481512536148149e+17
3.508445597401826e+17
3.491163344518062e+17
3.5214902264587814e+17
3.5284921121463514e+17
9623700901211122.0
9696563224995328.0
9727921243575312.0
9773603366818244.0
9838961084367618.0
9927457584683766.0
9928543187851148.0
1.5640086143873348e+16
1.5847317400885478e+16
1.5946850984435478e+16
1.6009568674421574e+16
1.607591982266683e+16
1.6097656812988256e+16
1.6204231087469638e+16
2.895793243360487e+16
2.923741314383656e+16
2.922874062284898e+16
2.965158527529068e+16
2.9703866509520748e+16
2.9599104243763176e+16
2.9811403999030064e+16
1.7301714551185728e+17
1.7314854167152333e+17
1.747112519134353e+17
1.7381106458866397e+17
1.743239399370305e+17
1.7505960972465482e+17
1.7441315117852643e+17
3.5485080004583616e+17
3.547623143636251e+17
3.5429687565959763e+17
3.5666130512647475e+17
3.588375974326888e+17
3.553655778211071e+17
3.592765417563453e+17
8371586498460675.0
8397911423275154.0
8474740384185597.0
8625259363816020.0
8648856638104957.0
8653633607669586.0
8690590184198585.0
1.5245112923941326e+16
1.5260533359962756e+16
1.5376857380667204e+16
1.5487950064576272e+16
1.5496319955726862e+16
1.559666683704957e+16
1.5589604863175986e+16
2.6990256151375636e+16
2.7160366300523244e+16
2.724203985357258e+16
2.748633113826224e+16
2.753105915571481e+16
2.7612679114733436e+16
2.799544160949285e+16
1.7080702846476176e+17
1.7000052926103133e+17
1.709128318268913e+17
1.6919651632556675e+17
1.7191763867709898e+17
1.7226714943036243e+17
1.723478523367251e+17
3.61661608759145e+17
3.62065551998115e+17
3.5880774185117875e+17
3.6165922810943366e+17
3.622218123071048e+17
3.64714628228331e+17
3.646910636627497e+17
24669110570315.176
25452078819417.5
26541341974436.727
27747799362096.523
28419046212835.246
29813658055003.336
30763358941472.586
6.814793974509482e+16
6.832213499712238e+16
6.816207885197328e+16
6.857918279985395e+16
6.927999523682963e+16
6.892466585532335e+16
6.916428987897599e+16
2.7175006333252675e+17
2.726593808301606e+17
2.7416853846530595e+17
2.7415496968114077e+17
2.7366452217196243e+17
2.7392095564389594e+17
2.7633234316290093e+17
4532093766793673.0
4568425831528021.0
4608198617141129.0
4668642190693118.0
4723029310321945.0
4733426622235182.0
4790955670725777.0
6.956048539744021e+16
7.022602394472544e+16
6.991668097552769e+16
7.029988153816642e+16
7.084751200210348e+16
7.058514220888205e+16
7.103258908071384e+16
2.5202512692466394e+17
2.5463190035394022e+17
2.542157104916655e+17
2.551549201481914e+17
2.538319983429388e+17
2.5528087912634035e+17
2.562754383760828e+17
3210234270351528.0
3248959320256179.5
3292249885181716.5
3325351876922006.5
3363129168287976.5
3388302937320201.5
3415614245529989.0
7.310510372497027e+16
7.331632602032811e+16
7.351324029143506e+16
7.362118401560341e+16
7.388070489986493e+16
7.446445148194414e+16
7.430656425489653e+16
2.6125270056035302e+17
2.6158641101665616e+17
2.6205099657434074e+17
2.6395278080082333e+17
2.6333800297565443e+17
2.646135728004688e+17
2.6237029395990534e+17
